<?xml version="1.0" encoding="UTF-8"?>
<robot generator="Robot 6.1.1 (Python 3.11.3 on darwin)" generated="20230818 11:40:42.990" rpa="false" schemaversion="4">
<suite id="s1" name="Upload Test" source="/Users/yevgeniyaterlyuk/Documents/Projects/Amazon_automation/Pages/upload_test.robot">
<test id="s1-t1" name="Upload File Test" line="8">
<kw name="Open Browser">
<arg>To Upload Page</arg>
<msg timestamp="20230818 11:40:43.054" level="FAIL">No keyword with name 'Open Browser' found.</msg>
<status status="FAIL" starttime="20230818 11:40:43.054" endtime="20230818 11:40:43.054"/>
</kw>
<kw name="Upload File">
<status status="NOT RUN" starttime="20230818 11:40:43.054" endtime="20230818 11:40:43.054"/>
</kw>
<status status="FAIL" starttime="20230818 11:40:43.054" endtime="20230818 11:40:43.055">No keyword with name 'Open Browser' found.</status>
</test>
<status status="FAIL" starttime="20230818 11:40:42.992" endtime="20230818 11:40:43.055"/>
</suite>
<statistics>
<total>
<stat pass="0" fail="1" skip="0">All Tests</stat>
</total>
<tag>
</tag>
<suite>
<stat pass="0" fail="1" skip="0" id="s1" name="Upload Test">Upload Test</stat>
</suite>
</statistics>
<errors>
<msg timestamp="20230818 11:40:43.053" level="ERROR">Error in file '/Users/yevgeniyaterlyuk/Documents/Projects/Amazon_automation/Pages/upload_test.robot' on line 2: Initializing library 'SeleniumLibrary' with arguments [ chrome_driver=drivers/macos/chromedrivermac | alias=SL ] failed: ValueError: Invalid time string 'chrome_driver=drivers/macos/chromedrivermac'.
Traceback (most recent call last):
  File "/opt/homebrew/lib/python3.11/site-packages/SeleniumLibrary/__init__.py", line 474, in __init__
    self.timeout = _convert_timeout(timeout)
                   ^^^^^^^^^^^^^^^^^^^^^^^^^
  File "/opt/homebrew/lib/python3.11/site-packages/SeleniumLibrary/utils/types.py", line 42, in _convert_timeout
    return timestr_to_secs(timeout)
           ^^^^^^^^^^^^^^^^^^^^^^^^
  File "/opt/homebrew/lib/python3.11/site-packages/robot/utils/robottime.py", line 67, in timestr_to_secs
    raise ValueError("Invalid time string '%s'." % timestr)
ValueError: Invalid time string 'chrome_driver=drivers/macos/chromedrivermac'.</msg>
</errors>
</robot>
